2023-10-07 01:26:30 Invalid address:  (to): 
2023-10-07 01:34:27 SMTP Error: Could not authenticate.
2023-10-07 07:19:33 Message body empty
2023-10-07 07:21:09 Message body empty
2023-12-30 11:10:45 - PHP Warning:  Undefined property: app\controllers\frontend\Contact::$requestMethod in /var/www/html/PHP-MVC/app/controllers/frontend/Contact.php on line 35
2023-12-30 11:11:29 - PHP Warning:  Undefined property: app\controllers\frontend\Contact::$request in /var/www/html/PHP-MVC/app/controllers/frontend/Contact.php on line 35
2023-12-30 11:11:29 - PHP Warning:  Attempt to read property "server" on null in /var/www/html/PHP-MVC/app/controllers/frontend/Contact.php on line 35
2023-12-30 11:11:29 - PHP Warning:  Undefined property: app\controllers\frontend\Contact::$request in /var/www/html/PHP-MVC/app/controllers/frontend/Contact.php on line 36
2023-12-30 11:11:29 - PHP Warning:  Attempt to read property "server" on null in /var/www/html/PHP-MVC/app/controllers/frontend/Contact.php on line 36
2023-12-30 11:11:36 - PHP Warning:  Undefined property: app\controllers\frontend\Contact::$request in /var/www/html/PHP-MVC/app/controllers/frontend/Contact.php on line 35
2023-12-30 11:11:36 - PHP Warning:  Attempt to read property "server" on null in /var/www/html/PHP-MVC/app/controllers/frontend/Contact.php on line 35
2023-12-30 11:11:36 - PHP Warning:  Undefined property: app\controllers\frontend\Contact::$request in /var/www/html/PHP-MVC/app/controllers/frontend/Contact.php on line 36
2023-12-30 11:11:36 - PHP Warning:  Attempt to read property "server" on null in /var/www/html/PHP-MVC/app/controllers/frontend/Contact.php on line 36
2023-12-30 11:15:37 - PHP Warning:  Undefined property: app\controllers\frontend\Welcome::$load in /var/www/html/PHP-MVC/app/controllers/frontend/Welcome.php on line 33
2023-12-30 11:19:34 - PHP Warning:  Undefined property: app\controllers\frontend\Welcome::$load in /var/www/html/PHP-MVC/app/controllers/frontend/Welcome.php on line 33
2023-12-30 11:19:35 - PHP Warning:  Undefined property: app\controllers\frontend\Welcome::$load in /var/www/html/PHP-MVC/app/controllers/frontend/Welcome.php on line 33
2024-01-01 12:25:31 Message body empty
2024-01-01 12:32:54 Message body empty
2024-01-01 12:32:57 Message body empty
2024-01-01 12:33:41 Message body empty
2024-01-01 12:34:14 Message body empty
2024-01-01 12:35:40 Message body empty
2024-01-01 12:40:22 Message body empty
2024-01-01 12:41:32 Message body empty
2024-01-01 02:56:44 Message body empty
2024-01-01 02:58:48 Message body empty
2024-01-01 02:59:49 Message body empty
2024-04-14 05:06:46 SMTP Error: Could not connect to SMTP host. Failed to connect to server
2024-04-14 05:06:50 SMTP Error: Could not connect to SMTP host. Failed to connect to server
2024-04-14 05:06:59 SMTP Error: Could not connect to SMTP host. Failed to connect to server
2024-04-14 05:28:41 Message body empty
2024-04-14 05:29:33 Message body empty
2024-04-28 10:03:24 SMTP Error: Could not connect to SMTP host. Failed to connect to server
