2024-06-07 09:47:45 You have an error in your SQL syntax; check the manual that corresponds to your MySQL server version for the right syntax to use near 'group,a.sort_order FROM attribute a   LEFT JOIN attribute_description ad ON (ad.' at line 1
2024-06-07 09:48:08 You have an error in your SQL syntax; check the manual that corresponds to your MySQL server version for the right syntax to use near 'group,a.sort_order FROM attribute a   LEFT JOIN attribute_description ad ON(ad.a' at line 1
2024-06-07 09:48:55 You have an error in your SQL syntax; check the manual that corresponds to your MySQL server version for the right syntax to use near 'group,a.sort_order FROM attribute a   LEFT JOIN attribute_description ad ON (ad.' at line 1
2024-06-07 09:49:17 You have an error in your SQL syntax; check the manual that corresponds to your MySQL server version for the right syntax to use near 'group,a.sort_order FROM attribute a   LEFT JOIN attribute_description ad ON (ad.' at line 1
2024-06-07 10:05:08 Incorrect integer value: '' for column 'sort_order' at row 1
2024-06-30 07:33:32 DELETE FROM sessions WHERE 1 AND user_id = "3" 
2024-08-17 11:06:09 DELETE FROM sessions WHERE 1 AND user_id = "3" 
2024-08-17 04:41:25 Incorrect integer value: '' for column 'sort_order' at row 1
2024-08-17 04:41:27 Incorrect integer value: '' for column 'sort_order' at row 1
2024-08-17 04:41:31 Incorrect integer value: 'en' for column 'lang_id' at row 1
2024-08-17 04:41:42 Incorrect integer value: 'en' for column 'lang_id' at row 1
2025-03-31 02:45:12 Permission denied
2025-03-31 02:45:12 Permission denied
2025-03-31 02:45:12 Permission denied
2025-03-31 02:45:12 Permission denied
2025-03-31 02:45:22 Permission denied
2025-03-31 02:45:22 Permission denied
2025-03-31 02:45:23 Permission denied
2025-03-31 02:45:23 Permission denied
2025-03-31 02:45:24 Permission denied
2025-03-31 02:45:24 Permission denied
2025-03-31 02:45:24 Permission denied
2025-03-31 02:45:24 Permission denied
2025-03-31 02:45:24 Permission denied
2025-03-31 02:45:24 Permission denied
2025-03-31 02:46:07 Permission denied
2025-03-31 02:46:07 Permission denied
2025-03-31 02:46:08 Permission denied
2025-03-31 02:46:08 Permission denied
2025-03-31 02:46:08 Permission denied
2025-03-31 02:46:08 Permission denied
2025-03-31 02:46:09 Permission denied
2025-03-31 02:46:09 Permission denied
2025-03-31 02:46:09 Permission denied
2025-03-31 02:46:09 Permission denied
2025-03-31 02:46:10 Permission denied
2025-03-31 02:46:10 Permission denied
2025-03-31 02:46:10 Permission denied
2025-03-31 02:46:10 Permission denied
2025-03-31 02:46:11 Permission denied
2025-03-31 02:46:11 Permission denied
2025-03-31 02:46:12 Permission denied
2025-03-31 02:46:12 Permission denied
2025-03-31 02:46:13 Permission denied
2025-03-31 02:46:13 Permission denied
2025-03-31 02:46:14 Permission denied
2025-03-31 02:46:14 Permission denied
2025-03-31 02:46:14 Permission denied
2025-03-31 02:46:14 Permission denied
2025-03-31 02:46:15 Permission denied
2025-03-31 02:46:15 Permission denied
2025-03-31 02:46:16 Permission denied
2025-03-31 02:46:16 Permission denied
2025-03-31 02:46:16 Permission denied
2025-03-31 02:46:16 Permission denied
2025-03-31 02:46:17 Permission denied
2025-03-31 02:46:17 Permission denied
2025-03-31 02:46:18 Permission denied
2025-03-31 02:46:18 Permission denied
2025-03-31 02:46:41 Permission denied
2025-03-31 02:46:41 Permission denied
2025-03-31 02:46:51 Permission denied
2025-03-31 02:46:51 Permission denied
2025-03-31 02:47:25 Permission denied
2025-03-31 02:47:25 Permission denied
2025-03-31 02:47:26 Permission denied
2025-03-31 02:47:26 Permission denied
2025-03-31 02:47:26 Permission denied
2025-03-31 02:47:26 Permission denied
2025-03-31 02:47:27 Permission denied
2025-03-31 02:47:27 Permission denied
2025-03-31 02:47:36 Permission denied
2025-03-31 02:47:36 Permission denied
2025-03-31 02:49:40 Permission denied
2025-03-31 02:49:40 Permission denied
2025-03-31 02:49:44 Permission denied
2025-03-31 02:49:44 Permission denied
2025-03-31 02:49:48 Permission denied
2025-03-31 02:49:48 Permission denied
